SF:lib/parse_route.dart
DA:21,1
DA:29,1
DA:31,5
DA:51,1
DA:52,1
DA:53,1
DA:55,1
DA:56,1
DA:57,4
DA:58,1
DA:61,1
DA:62,1
DA:63,1
DA:65,1
DA:69,1
DA:71,4
DA:72,6
DA:79,1
DA:80,4
DA:82,4
DA:83,3
DA:84,4
DA:92,1
DA:93,1
DA:94,4
DA:95,3
DA:96,5
DA:109,1
DA:110,1
DA:113,1
DA:114,1
DA:115,2
DA:118,1
DA:119,1
DA:120,2
DA:122,2
DA:123,1
DA:124,1
DA:125,1
DA:126,1
DA:127,1
DA:130,1
DA:144,1
DA:145,2
DA:148,1
DA:149,2
DA:150,2
DA:155,1
DA:156,2
DA:157,2
DA:159,2
DA:162,1
DA:163,2
DA:166,3
DA:168,1
DA:169,3
DA:170,3
DA:171,1
DA:177,1
DA:178,3
DA:179,1
DA:180,1
DA:206,1
DA:214,1
DA:216,6
DA:227,1
DA:228,2
DA:232,1
DA:234,2
DA:236,3
DA:237,1
DA:238,1
DA:239,1
DA:241,1
DA:247,1
DA:248,2
DA:252,1
DA:253,2
DA:255,3
DA:256,1
DA:257,1
DA:258,1
DA:260,1
DA:266,1
DA:267,2
DA:271,3
DA:275,1
DA:276,2
DA:280,1
DA:281,2
DA:285,1
DA:286,2
DA:292,1
DA:294,3
DA:295,1
DA:296,3
DA:299,4
DA:300,2
DA:303,1
DA:309,1
DA:311,3
DA:312,5
DA:313,2
DA:316,1
DA:322,1
DA:323,3
DA:326,1
DA:327,3
DA:328,1
DA:330,1
DA:332,1
DA:335,2
DA:336,1
DA:338,1
DA:339,2
DA:341,1
DA:344,2
DA:345,3
DA:346,1
DA:349,1
DA:350,2
DA:351,1
DA:352,1
DA:363,1
DA:364,3
DA:367,1
DA:369,2
DA:370,2
DA:371,1
DA:378,1
DA:379,2
LF:131
LH:131
end_of_record
